[2024-4-4 3:0:40] Bind Failed!
[2024-4-4 3:0:47] Initialize IOCP : Worker Thread Creation Succeeded! - Thread Count : 8
[2024-4-4 3:0:49] Accept New Client!
[2024-4-4 3:4:0] Initialize IOCP : Worker Thread Creation Succeeded! - Thread Count : 8
[2024-4-4 3:4:3] Accept New Client!
[2024-4-4 3:4:33] Initialize IOCP : Worker Thread Creation Succeeded! - Thread Count : 8
[2024-4-4 3:4:38] Accept New Client!
[2024-4-4 3:6:21] Initialize IOCP : Worker Thread Creation Succeeded! - Thread Count : 8
[2024-4-4 3:6:23] Accept New Client!
[2024-4-4 3:6:30] SQL Error - 1062
[2024-4-4 3:7:3] Try Disconnect Client!
[2024-4-4 3:7:3] Disconnect Client!
[2024-4-4 3:17:42] Initialize IOCP : Worker Thread Creation Succeeded! - Thread Count : 8
[2024-4-4 3:17:47] Accept New Client!
[2024-4-4 3:18:23] Try Disconnect Client!
[2024-4-4 3:18:23] Disconnect Client!
[2024-4-4 3:20:49] Initialize IOCP : Worker Thread Creation Succeeded! - Thread Count : 8
[2024-4-4 3:21:8] Accept New Client!
[2024-4-4 3:21:22] SQL Error - 1062
[2024-4-4 3:21:25] SQL Error - 1062
