[2024-3-27 2:19:54] Initialize IOCP : Worker Thread Creation Succeeded! - Thread Count : 8
[2024-3-27 2:19:55] Accept New Client!
[2024-3-27 2:19:55] SQL Error - [2024-3-27 2:19:57] Try Disconnect Client!
[2024-3-27 2:19:57] Disconnect Client!
[2024-3-27 2:20:47] Initialize IOCP : Worker Thread Creation Succeeded! - Thread Count : 8
[2024-3-27 2:21:2] Accept New Client!
[2024-3-27 2:21:2] SQL Error - [2024-3-27 2:21:7] Try Disconnect Client!
[2024-3-27 2:21:7] Disconnect Client!
[2024-3-27 2:21:12] Accept New Client!
[2024-3-27 2:21:18] SQL Error - [2024-3-27 2:22:36] Initialize IOCP : Worker Thread Creation Succeeded! - Thread Count : 8
[2024-3-27 2:22:37] Accept New Client!
[2024-3-27 2:22:38] SQL Error - [2024-3-27 2:22:39] Try Disconnect Client!
[2024-3-27 2:22:39] Disconnect Client!
[2024-3-27 2:22:50] Initialize IOCP : Worker Thread Creation Succeeded! - Thread Count : 8
[2024-3-27 2:23:4] Initialize IOCP : Worker Thread Creation Succeeded! - Thread Count : 8
[2024-3-27 2:23:19] Initialize IOCP : Worker Thread Creation Succeeded! - Thread Count : 8
[2024-3-27 2:23:25] Accept New Client!
[2024-3-27 2:23:33] SQL Error - [2024-3-27 2:23:57] Try Disconnect Client!
[2024-3-27 2:24:0] Disconnect Client!
[2024-3-27 2:24:29] Initialize IOCP : Worker Thread Creation Succeeded! - Thread Count : 8
[2024-3-27 2:24:30] Accept New Client!
[2024-3-27 2:24:30] SQL Error
[2024-3-27 2:24:32] Try Disconnect Client!
[2024-3-27 2:24:32] Disconnect Client!
[2024-3-27 2:24:35] Accept New Client!
[2024-3-27 2:24:35] SQL Error
[2024-3-27 2:24:36] Try Disconnect Client!
[2024-3-27 2:24:36] Disconnect Client!
[2024-3-27 2:24:55] Initialize IOCP : Worker Thread Creation Succeeded! - Thread Count : 8
[2024-3-27 2:24:56] Accept New Client!
[2024-3-27 2:24:56] SQL Error
[2024-3-27 2:24:59] Try Disconnect Client!
[2024-3-27 2:24:59] Disconnect Client!
[2024-3-27 2:25:10] Initialize IOCP : Worker Thread Creation Succeeded! - Thread Count : 8
[2024-3-27 2:25:10] Accept New Client!
[2024-3-27 2:25:10] SQL Error
[2024-3-27 2:25:13] Try Disconnect Client!
[2024-3-27 2:25:13] Disconnect Client!
[2024-3-27 2:25:22] Initialize IOCP : Worker Thread Creation Succeeded! - Thread Count : 8
[2024-3-27 2:25:23] Accept New Client!
[2024-3-27 2:25:23] SQL Error
[2024-3-27 2:25:25] Try Disconnect Client!
[2024-3-27 2:25:25] Disconnect Client!
[2024-3-27 2:26:52] Initialize IOCP : Worker Thread Creation Succeeded! - Thread Count : 8
[2024-3-27 2:26:54] Accept New Client!
[2024-3-27 2:26:54] SQL Error - 1062
[2024-3-27 2:26:55] Try Disconnect Client!
[2024-3-27 2:26:55] Disconnect Client!
[2024-3-27 2:26:57] Accept New Client!
[2024-3-27 2:26:57] SQL Error - 1062
[2024-3-27 2:26:58] Try Disconnect Client!
[2024-3-27 2:26:58] Disconnect Client!
[2024-3-27 2:27:20] Initialize IOCP : Worker Thread Creation Succeeded! - Thread Count : 8
