[2024-3-30 1:4:9] Initialize IOCP : Worker Thread Creation Succeeded! - Thread Count : 8
[2024-3-30 1:4:11] Accept New Client!
[2024-3-30 1:4:25] Try Disconnect Client!
[2024-3-30 1:4:25] Disconnect Client!
[2024-3-30 1:13:57] Initialize IOCP : Worker Thread Creation Succeeded! - Thread Count : 8
[2024-3-30 1:13:58] Accept New Client!
[2024-3-30 1:14:0] Try Disconnect Client!
[2024-3-30 1:14:0] Disconnect Client!
[2024-3-30 1:14:13] Accept New Client!
[2024-3-30 1:14:14] Try Disconnect Client!
[2024-3-30 1:14:14] Disconnect Client!
[2024-3-30 1:14:32] Accept New Client!
[2024-3-30 1:14:35] Try Disconnect Client!
[2024-3-30 1:14:35] Disconnect Client!
[2024-3-30 1:14:38] Accept New Client!
[2024-3-30 1:14:48] Try Disconnect Client!
[2024-3-30 1:14:48] Disconnect Client!
[2024-3-30 1:14:57] Accept New Client!
[2024-3-30 1:15:4] Try Disconnect Client!
[2024-3-30 1:15:5] Disconnect Client!
[2024-3-30 1:15:41] Initialize IOCP : Worker Thread Creation Succeeded! - Thread Count : 8
[2024-3-30 1:16:2] Bind Failed!
[2024-3-30 1:16:12] Accept New Client!
[2024-3-30 1:16:15] Try Disconnect Client!
[2024-3-30 1:16:15] Disconnect Client!
[2024-3-30 1:16:22] Initialize IOCP : Worker Thread Creation Succeeded! - Thread Count : 8
[2024-3-30 1:16:24] Accept New Client!
[2024-3-30 1:16:34] Try Disconnect Client!
[2024-3-30 1:16:34] Disconnect Client!
[2024-3-30 1:17:47] Initialize IOCP : Worker Thread Creation Succeeded! - Thread Count : 8
[2024-3-30 1:18:21] Accept New Client!
[2024-3-30 1:18:34] Try Disconnect Client!
[2024-3-30 1:18:34] Disconnect Client!
