  CIOCP.cpp
C:\Users\user\source\repos\Server_Library\Functions\MySQL\MySQL.hpp(223,95): warning C4267: 'argument': conversion from 'size_t' to 'uint16_t', possible loss of data
C:\Users\user\source\repos\Server_Library\Functions\MySQL\MySQL.hpp(219,40): warning C4101: 'exception': unreferenced local variable
D:\작업물\Visual Studio\Project_MF\Util\ThreadPool.h(42,46): error C2760: syntax error: '<' was unexpected here; expected ';'
D:\작업물\Visual Studio\Project_MF\Util\ThreadPool.h(39,7): message : This diagnostic occurred in the compiler generated function 'bool ThreadPool::EnqueueJob(Func &&,T &&)'
D:\작업물\Visual Studio\Project_MF\Util\CircularLinkedList.h(27,25): error C4996: 'std::iterator<std::input_iterator_tag,T,ptrdiff_t,T *,T &>': warning STL4015: The std::iterator class template (used as a base class to provide typedefs) is deprecated in C++17. (The <iterator> header is NOT deprecated.) The C++ Standard has never required user-defined iterators to derive from std::iterator. To fix this warning, stop deriving from std::iterator and start providing publicly accessible typedefs named iterator_category, value_type, difference_type, pointer, and reference. Note that value_type is required to be non-const, even for constant iterators. You can define _SILENCE_CXX17_ITERATOR_BASE_CLASS_DEPRECATION_WARNING or _SILENCE_ALL_CXX17_DEPRECATION_WARNINGS to suppress this warning.
          with
          [
              T=std::future<void *>
          ]
D:\Microsoft Visual Studio\VC\Tools\MSVC\14.36.32532\include\xutility(7028,1): message : see declaration of 'std::iterator'
D:\작업물\Visual Studio\Project_MF\Util\ThreadPool.h(88,1): message : see reference to class template instantiation 'CircularLinkedList<std::future<void *>>::iterator' being compiled
  main.cpp
C:\Users\user\source\repos\Server_Library\Functions\MySQL\MySQL.hpp(223,95): warning C4267: 'argument': conversion from 'size_t' to 'uint16_t', possible loss of data
C:\Users\user\source\repos\Server_Library\Functions\MySQL\MySQL.hpp(219,40): warning C4101: 'exception': unreferenced local variable
D:\작업물\Visual Studio\Project_MF\Util\ThreadPool.h(42,46): error C2760: syntax error: '<' was unexpected here; expected ';'
D:\작업물\Visual Studio\Project_MF\Util\ThreadPool.h(39,7): message : This diagnostic occurred in the compiler generated function 'bool ThreadPool::EnqueueJob(Func &&,T &&)'
D:\작업물\Visual Studio\Project_MF\Util\CircularLinkedList.h(27,25): error C4996: 'std::iterator<std::input_iterator_tag,T,ptrdiff_t,T *,T &>': warning STL4015: The std::iterator class template (used as a base class to provide typedefs) is deprecated in C++17. (The <iterator> header is NOT deprecated.) The C++ Standard has never required user-defined iterators to derive from std::iterator. To fix this warning, stop deriving from std::iterator and start providing publicly accessible typedefs named iterator_category, value_type, difference_type, pointer, and reference. Note that value_type is required to be non-const, even for constant iterators. You can define _SILENCE_CXX17_ITERATOR_BASE_CLASS_DEPRECATION_WARNING or _SILENCE_ALL_CXX17_DEPRECATION_WARNINGS to suppress this warning.
          with
          [
              T=std::future<void *>
          ]
D:\Microsoft Visual Studio\VC\Tools\MSVC\14.36.32532\include\xutility(7028,1): message : see declaration of 'std::iterator'
D:\작업물\Visual Studio\Project_MF\Util\ThreadPool.h(88,1): message : see reference to class template instantiation 'CircularLinkedList<std::future<void *>>::iterator' being compiled
  SQLProcessor.cpp
C:\Users\user\source\repos\Server_Library\Functions\MySQL\MySQL.hpp(223,95): warning C4267: 'argument': conversion from 'size_t' to 'uint16_t', possible loss of data
C:\Users\user\source\repos\Server_Library\Functions\MySQL\MySQL.hpp(219,40): warning C4101: 'exception': unreferenced local variable
D:\작업물\Visual Studio\Project_MF\Util\ThreadPool.h(42,46): error C2760: syntax error: '<' was unexpected here; expected ';'
D:\작업물\Visual Studio\Project_MF\Util\ThreadPool.h(39,7): message : This diagnostic occurred in the compiler generated function 'bool ThreadPool::EnqueueJob(Func &&,T &&)'
D:\작업물\Visual Studio\Project_MF\Util\CircularLinkedList.h(27,25): error C4996: 'std::iterator<std::input_iterator_tag,T,ptrdiff_t,T *,T &>': warning STL4015: The std::iterator class template (used as a base class to provide typedefs) is deprecated in C++17. (The <iterator> header is NOT deprecated.) The C++ Standard has never required user-defined iterators to derive from std::iterator. To fix this warning, stop deriving from std::iterator and start providing publicly accessible typedefs named iterator_category, value_type, difference_type, pointer, and reference. Note that value_type is required to be non-const, even for constant iterators. You can define _SILENCE_CXX17_ITERATOR_BASE_CLASS_DEPRECATION_WARNING or _SILENCE_ALL_CXX17_DEPRECATION_WARNINGS to suppress this warning.
          with
          [
              T=std::future<void *>
          ]
D:\Microsoft Visual Studio\VC\Tools\MSVC\14.36.32532\include\xutility(7028,1): message : see declaration of 'std::iterator'
D:\작업물\Visual Studio\Project_MF\Util\ThreadPool.h(88,1): message : see reference to class template instantiation 'CircularLinkedList<std::future<void *>>::iterator' being compiled
D:\작업물\Visual Studio\Project_MF\Database\SQLProcessor\Query\Account\AccountQuery.h(19,48): warning C4267: '=': conversion from 'size_t' to 'T', possible loss of data
          with
          [
              T=int32_t
          ]
  Generating Code...
